<?xml version="1.0" encoding="UTF-8"?>
<testsuite xmlns:xsi="http://www.w3.org/2001/XMLSchema-instance" xsi:noNamespaceSchemaLocation="https://maven.apache.org/surefire/maven-surefire-plugin/xsd/surefire-test-report.xsd" name="it.unipd.mtss.RomanPrinterTest" time="0.015" tests="21" errors="0" skipped="0" failures="0">
  <properties>
[...]
</properties>
  <testcase name="testPrintNegative100" classname="it.unipd.mtss.RomanPrinterTest" time="0"/>
  <testcase name="testPrintNegative500" classname="it.unipd.mtss.RomanPrinterTest" time="0"/>
  <testcase name="testPrintNegative1" classname="it.unipd.mtss.RomanPrinterTest" time="0"/>
  <testcase name="testPrintNegative5" classname="it.unipd.mtss.RomanPrinterTest" time="0"/>
  <testcase name="testPrint1000" classname="it.unipd.mtss.RomanPrinterTest" time="0"/>
  <testcase name="testPrintNull" classname="it.unipd.mtss.RomanPrinterTest" time="0"/>
  <testcase name="testPrint10" classname="it.unipd.mtss.RomanPrinterTest" time="0"/>
  <testcase name="testPrint50" classname="it.unipd.mtss.RomanPrinterTest" time="0.001"/>
  <testcase name="testPrint100" classname="it.unipd.mtss.RomanPrinterTest" time="0.003"/>
  <testcase name="testPrint500" classname="it.unipd.mtss.RomanPrinterTest" time="0.001"/>
  <testcase name="testPrintNegative10" classname="it.unipd.mtss.RomanPrinterTest" time="0"/>
  <testcase name="testPrintNegative50" classname="it.unipd.mtss.RomanPrinterTest" time="0.001"/>
  <testcase name="testPrintAsciiArtWithCC" classname="it.unipd.mtss.RomanPrinterTest" time="0"/>
  <testcase name="testPrintAsciiArtWithDD" classname="it.unipd.mtss.RomanPrinterTest" time="0"/>
  <testcase name="testPrintAsciiArtWithII" classname="it.unipd.mtss.RomanPrinterTest" time="0.001"/>
  <testcase name="testPrintAsciiArtWithLL" classname="it.unipd.mtss.RomanPrinterTest" time="0"/>
  <testcase name="testPrintAsciiArtWithVV" classname="it.unipd.mtss.RomanPrinterTest" time="0"/>
  <testcase name="testPrintAsciiArtWithXX" classname="it.unipd.mtss.RomanPrinterTest" time="0"/>
  <testcase name="testPrintNegative1000" classname="it.unipd.mtss.RomanPrinterTest" time="0"/>
  <testcase name="testPrint1" classname="it.unipd.mtss.RomanPrinterTest" time="0"/>
  <testcase name="testPrint5" classname="it.unipd.mtss.RomanPrinterTest" time="0.001"/>
</testsuite>